[debug] [2022-11-10T06:47:58.148Z] ----------------------------------------------------------------------
[debug] [2022-11-10T06:47:58.161Z] Command:       C:\Program Files\nodejs\node.exe C:\Users\Srabony\AppData\Roaming\npm\node_modules\firebase-tools\lib\bin\firebase.js init
[debug] [2022-11-10T06:47:58.163Z] CLI Version:   11.15.0
[debug] [2022-11-10T06:47:58.163Z] Platform:      win32
[debug] [2022-11-10T06:47:58.163Z] Node Version:  v16.15.1
[debug] [2022-11-10T06:47:58.291Z] Time:          Thu Nov 10 2022 12:47:58 GMT+0600 (Bangladesh Standard Time)
[debug] [2022-11-10T06:47:58.292Z] ----------------------------------------------------------------------
[debug] 
[debug] [2022-11-10T06:47:58.339Z] >>> [apiv2][query] GET https://firebase-public.firebaseio.com/cli.json [none]
[debug] [2022-11-10T06:47:58.387Z] > command requires scopes: ["email","openid","https://www.googleapis.com/auth/cloudplatformprojects.readonly","https://www.googleapis.com/auth/firebase","https://www.googleapis.com/auth/cloud-platform"]
[debug] [2022-11-10T06:47:58.387Z] > authorizing via signed-in user (srabonlily270@gmail.com)
[info] 
     ######## #### ########  ######## ########     ###     ######  ########
     ##        ##  ##     ## ##       ##     ##  ##   ##  ##       ##
     ######    ##  ########  ######   ########  #########  ######  ######
     ##        ##  ##    ##  ##       ##     ## ##     ##       ## ##
     ##       #### ##     ## ######## ########  ##     ##  ######  ########

You're about to initialize a Firebase project in this directory:

  F:\projects\project practice\React\NODE-MILESTONE-11\simple-node\assignment\service-review-client-side

[debug] [2022-11-10T06:47:59.350Z] <<< [apiv2][status] GET https://firebase-public.firebaseio.com/cli.json 200
[debug] [2022-11-10T06:47:59.350Z] <<< [apiv2][body] GET https://firebase-public.firebaseio.com/cli.json {"cloudBuildErrorAfter":1594252800000,"cloudBuildWarnAfter":1590019200000,"defaultNode10After":1594252800000,"minVersion":"3.0.5","node8DeploysDisabledAfter":1613390400000,"node8RuntimeDisabledAfter":1615809600000,"node8WarnAfter":1600128000000}
